[1 - Suricata-Main] 2025-07-13 03:05:58 Notice: suricata: This is Suricata version 7.0.10 RELEASE running in SYSTEM mode
[1 - Suricata-Main] 2025-07-13 03:05:58 Info: cpu: CPUs/cores online: 4
[1 - Suricata-Main] 2025-07-13 03:05:58 Info: suricata: Setting engine mode to IDS mode by default
[1 - Suricata-Main] 2025-07-13 03:05:58 Info: exception-policy: master exception-policy set to: auto
[1 - Suricata-Main] 2025-07-13 03:05:58 Info: conf: Running in live mode, activating unix socket
[1 - Suricata-Main] 2025-07-13 03:05:58 Info: logopenfile: fast output device (regular) initialized: fast.log
[1 - Suricata-Main] 2025-07-13 03:05:58 Info: logopenfile: eve-log output device (regular) initialized: eve.json
[1 - Suricata-Main] 2025-07-13 03:05:58 Info: logopenfile: stats output device (regular) initialized: stats.log
[1 - Suricata-Main] 2025-07-13 03:06:09 Info: detect: 1 rule files processed. 43871 rules successfully loaded, 0 rules failed, 0
[1 - Suricata-Main] 2025-07-13 03:06:09 Info: threshold-config: Threshold config parsed: 0 rule(s) found
[1 - Suricata-Main] 2025-07-13 03:06:09 Info: detect: 43874 signatures processed. 1232 are IP-only rules, 4361 are inspecting packet payload, 38061 inspect application layer, 109 are decoder event only
[1 - Suricata-Main] 2025-07-13 03:06:26 Error: af-packet: ens33: failed to find interface type: No such device
[1 - Suricata-Main] 2025-07-13 03:06:26 Warning: af-packet: ens33: AF_PACKET tpacket-v3 is recommended for non-inline operation
[1 - Suricata-Main] 2025-07-13 03:06:26 Info: runmodes: ens33: creating 4 threads
[1 - Suricata-Main] 2025-07-13 03:06:26 Info: unix-manager: unix socket '/var/run/suricata/suricata-command.socket'
[15 - W#01-ens33] 2025-07-13 03:06:26 Error: af-packet: ens33: failed to find interface: No such device
[15 - W#01-ens33] 2025-07-13 03:06:26 Error: af-packet: ens33: failed to init socket for interface
[1 - Suricata-Main] 2025-07-13 03:06:26 Error: threads: thread "W#01-ens33" failed to start: flags 0423
[1 - Suricata-Main] 2025-07-13 03:17:00 Notice: suricata: This is Suricata version 7.0.10 RELEASE running in SYSTEM mode
[1 - Suricata-Main] 2025-07-13 03:17:00 Info: cpu: CPUs/cores online: 4
[1 - Suricata-Main] 2025-07-13 03:17:00 Info: suricata: Setting engine mode to IDS mode by default
[1 - Suricata-Main] 2025-07-13 03:17:00 Info: exception-policy: master exception-policy set to: auto
[1 - Suricata-Main] 2025-07-13 03:17:01 Info: conf: Running in live mode, activating unix socket
[1 - Suricata-Main] 2025-07-13 03:17:01 Info: logopenfile: fast output device (regular) initialized: fast.log
[1 - Suricata-Main] 2025-07-13 03:17:01 Info: logopenfile: eve-log output device (regular) initialized: eve.json
[1 - Suricata-Main] 2025-07-13 03:17:01 Info: logopenfile: stats output device (regular) initialized: stats.log
[1 - Suricata-Main] 2025-07-13 03:17:12 Info: detect: 1 rule files processed. 43871 rules successfully loaded, 0 rules failed, 0
[1 - Suricata-Main] 2025-07-13 03:17:12 Info: threshold-config: Threshold config parsed: 0 rule(s) found
[1 - Suricata-Main] 2025-07-13 03:17:12 Info: detect: 43874 signatures processed. 1232 are IP-only rules, 4361 are inspecting packet payload, 38061 inspect application layer, 109 are decoder event only
[1 - Suricata-Main] 2025-07-13 03:17:28 Error: af-packet: ens33: failed to find interface type: No such device
[1 - Suricata-Main] 2025-07-13 03:17:28 Warning: af-packet: ens33: AF_PACKET tpacket-v3 is recommended for non-inline operation
[1 - Suricata-Main] 2025-07-13 03:17:28 Info: runmodes: ens33: creating 4 threads
[1 - Suricata-Main] 2025-07-13 03:17:28 Info: unix-manager: unix socket '/var/run/suricata/suricata-command.socket'
[16 - W#01-ens33] 2025-07-13 03:17:28 Error: af-packet: ens33: failed to find interface: No such device
[16 - W#01-ens33] 2025-07-13 03:17:28 Error: af-packet: ens33: failed to init socket for interface
[1 - Suricata-Main] 2025-07-13 03:17:28 Error: threads: thread "W#01-ens33" failed to start: flags 0423
[1 - Suricata-Main] 2025-07-13 03:23:05 Notice: suricata: This is Suricata version 7.0.10 RELEASE running in SYSTEM mode
[1 - Suricata-Main] 2025-07-13 03:23:05 Info: cpu: CPUs/cores online: 4
[1 - Suricata-Main] 2025-07-13 03:23:05 Info: suricata: Setting engine mode to IDS mode by default
[1 - Suricata-Main] 2025-07-13 03:23:05 Info: exception-policy: master exception-policy set to: auto
[1 - Suricata-Main] 2025-07-13 03:23:05 Info: conf: Running in live mode, activating unix socket
[1 - Suricata-Main] 2025-07-13 03:23:05 Info: logopenfile: fast output device (regular) initialized: fast.log
[1 - Suricata-Main] 2025-07-13 03:23:05 Info: logopenfile: eve-log output device (regular) initialized: eve.json
[1 - Suricata-Main] 2025-07-13 03:23:05 Info: logopenfile: stats output device (regular) initialized: stats.log
[1 - Suricata-Main] 2025-07-13 03:23:15 Info: detect: 1 rule files processed. 43871 rules successfully loaded, 0 rules failed, 0
[1 - Suricata-Main] 2025-07-13 03:23:15 Info: threshold-config: Threshold config parsed: 0 rule(s) found
[1 - Suricata-Main] 2025-07-13 03:23:15 Info: detect: 43874 signatures processed. 1232 are IP-only rules, 4361 are inspecting packet payload, 38061 inspect application layer, 109 are decoder event only
[1 - Suricata-Main] 2025-07-13 03:23:31 Error: af-packet: ens33: failed to find interface type: No such device
[1 - Suricata-Main] 2025-07-13 03:23:31 Warning: af-packet: ens33: AF_PACKET tpacket-v3 is recommended for non-inline operation
[1 - Suricata-Main] 2025-07-13 03:23:31 Info: runmodes: ens33: creating 4 threads
[1 - Suricata-Main] 2025-07-13 03:23:31 Info: unix-manager: unix socket '/var/run/suricata/suricata-command.socket'
[16 - W#01-ens33] 2025-07-13 03:23:31 Error: af-packet: ens33: failed to find interface: No such device
[16 - W#01-ens33] 2025-07-13 03:23:31 Error: af-packet: ens33: failed to init socket for interface
[1 - Suricata-Main] 2025-07-13 03:23:31 Error: threads: thread "W#01-ens33" failed to start: flags 0423
[1 - Suricata-Main] 2025-07-13 03:27:57 Notice: suricata: This is Suricata version 7.0.10 RELEASE running in SYSTEM mode
[1 - Suricata-Main] 2025-07-13 03:27:57 Info: cpu: CPUs/cores online: 4
[1 - Suricata-Main] 2025-07-13 03:27:57 Info: suricata: Setting engine mode to IDS mode by default
[1 - Suricata-Main] 2025-07-13 03:27:57 Info: exception-policy: master exception-policy set to: auto
[1 - Suricata-Main] 2025-07-13 03:27:57 Info: conf: Running in live mode, activating unix socket
[1 - Suricata-Main] 2025-07-13 03:27:57 Info: logopenfile: fast output device (regular) initialized: fast.log
[1 - Suricata-Main] 2025-07-13 03:27:57 Info: logopenfile: eve-log output device (regular) initialized: eve.json
[1 - Suricata-Main] 2025-07-13 03:27:57 Info: logopenfile: stats output device (regular) initialized: stats.log
[1 - Suricata-Main] 2025-07-13 03:28:07 Info: detect: 1 rule files processed. 43871 rules successfully loaded, 0 rules failed, 0
[1 - Suricata-Main] 2025-07-13 03:28:07 Info: threshold-config: Threshold config parsed: 0 rule(s) found
[1 - Suricata-Main] 2025-07-13 03:28:07 Info: detect: 43874 signatures processed. 1232 are IP-only rules, 4361 are inspecting packet payload, 38061 inspect application layer, 109 are decoder event only
[1 - Suricata-Main] 2025-07-13 03:28:23 Error: af-packet: any: failed to find interface type: No such device
[1 - Suricata-Main] 2025-07-13 03:28:23 Warning: af-packet: any: AF_PACKET tpacket-v3 is recommended for non-inline operation
[1 - Suricata-Main] 2025-07-13 03:28:23 Info: runmodes: any: creating 4 threads
[1 - Suricata-Main] 2025-07-13 03:28:23 Info: unix-manager: unix socket '/var/run/suricata/suricata-command.socket'
[16 - W#01-any] 2025-07-13 03:28:23 Error: af-packet: any: failed to find interface: No such device
[16 - W#01-any] 2025-07-13 03:28:23 Error: af-packet: any: failed to init socket for interface
[1 - Suricata-Main] 2025-07-13 03:28:23 Error: threads: thread "W#01-any" failed to start: flags 0423
[1 - Suricata-Main] 2025-07-13 03:29:57 Notice: suricata: This is Suricata version 7.0.10 RELEASE running in SYSTEM mode
[1 - Suricata-Main] 2025-07-13 03:29:57 Info: cpu: CPUs/cores online: 4
[1 - Suricata-Main] 2025-07-13 03:29:57 Info: suricata: Setting engine mode to IDS mode by default
[1 - Suricata-Main] 2025-07-13 03:29:57 Info: exception-policy: master exception-policy set to: auto
[1 - Suricata-Main] 2025-07-13 03:29:57 Info: conf: Running in live mode, activating unix socket
[1 - Suricata-Main] 2025-07-13 03:29:57 Info: logopenfile: fast output device (regular) initialized: fast.log
[1 - Suricata-Main] 2025-07-13 03:29:57 Info: logopenfile: eve-log output device (regular) initialized: eve.json
[1 - Suricata-Main] 2025-07-13 03:29:57 Info: logopenfile: stats output device (regular) initialized: stats.log
[1 - Suricata-Main] 2025-07-13 03:30:07 Info: detect: 1 rule files processed. 43871 rules successfully loaded, 0 rules failed, 0
[1 - Suricata-Main] 2025-07-13 03:30:07 Info: threshold-config: Threshold config parsed: 0 rule(s) found
[1 - Suricata-Main] 2025-07-13 03:30:07 Info: detect: 43874 signatures processed. 1232 are IP-only rules, 4361 are inspecting packet payload, 38061 inspect application layer, 109 are decoder event only
[1 - Suricata-Main] 2025-07-13 03:30:23 Error: af-packet: ens33: failed to find interface type: No such device
[1 - Suricata-Main] 2025-07-13 03:30:23 Warning: af-packet: ens33: AF_PACKET tpacket-v3 is recommended for non-inline operation
[1 - Suricata-Main] 2025-07-13 03:30:23 Info: runmodes: ens33: creating 4 threads
[1 - Suricata-Main] 2025-07-13 03:30:23 Info: unix-manager: unix socket '/var/run/suricata/suricata-command.socket'
[16 - W#01-ens33] 2025-07-13 03:30:23 Error: af-packet: ens33: failed to find interface: No such device
[16 - W#01-ens33] 2025-07-13 03:30:23 Error: af-packet: ens33: failed to init socket for interface
[1 - Suricata-Main] 2025-07-13 03:30:23 Error: threads: thread "W#01-ens33" failed to start: flags 0423
[1 - Suricata-Main] 2025-07-13 03:36:25 Notice: suricata: This is Suricata version 7.0.10 RELEASE running in SYSTEM mode
[1 - Suricata-Main] 2025-07-13 03:36:25 Info: cpu: CPUs/cores online: 4
[1 - Suricata-Main] 2025-07-13 03:36:25 Info: suricata: Setting engine mode to IDS mode by default
[1 - Suricata-Main] 2025-07-13 03:36:25 Info: exception-policy: master exception-policy set to: auto
[1 - Suricata-Main] 2025-07-13 03:36:25 Info: conf: Running in live mode, activating unix socket
[1 - Suricata-Main] 2025-07-13 03:36:25 Info: logopenfile: fast output device (regular) initialized: fast.log
[1 - Suricata-Main] 2025-07-13 03:36:25 Info: logopenfile: eve-log output device (regular) initialized: eve.json
[1 - Suricata-Main] 2025-07-13 03:36:25 Info: logopenfile: stats output device (regular) initialized: stats.log
[1 - Suricata-Main] 2025-07-13 03:36:35 Info: detect: 1 rule files processed. 43871 rules successfully loaded, 0 rules failed, 0
[1 - Suricata-Main] 2025-07-13 03:36:35 Info: threshold-config: Threshold config parsed: 0 rule(s) found
[1 - Suricata-Main] 2025-07-13 03:36:35 Info: detect: 43874 signatures processed. 1232 are IP-only rules, 4361 are inspecting packet payload, 38061 inspect application layer, 109 are decoder event only
[1 - Suricata-Main] 2025-07-13 03:36:51 Error: af-packet: enp2s1: failed to find interface type: No such device
[1 - Suricata-Main] 2025-07-13 03:36:51 Warning: af-packet: enp2s1: AF_PACKET tpacket-v3 is recommended for non-inline operation
[1 - Suricata-Main] 2025-07-13 03:36:51 Info: runmodes: enp2s1: creating 4 threads
[1 - Suricata-Main] 2025-07-13 03:36:51 Info: unix-manager: unix socket '/var/run/suricata/suricata-command.socket'
[16 - W#01-enp2s1] 2025-07-13 03:36:51 Error: af-packet: enp2s1: failed to find interface: No such device
[16 - W#01-enp2s1] 2025-07-13 03:36:51 Error: af-packet: enp2s1: failed to init socket for interface
[1 - Suricata-Main] 2025-07-13 03:36:51 Error: threads: thread "W#01-enp2s1" failed to start: flags 0423
[1 - Suricata-Main] 2025-07-13 03:38:32 Notice: suricata: This is Suricata version 7.0.10 RELEASE running in SYSTEM mode
[1 - Suricata-Main] 2025-07-13 03:38:32 Info: cpu: CPUs/cores online: 4
[1 - Suricata-Main] 2025-07-13 03:38:32 Info: suricata: Setting engine mode to IDS mode by default
[1 - Suricata-Main] 2025-07-13 03:38:32 Info: exception-policy: master exception-policy set to: auto
[1 - Suricata-Main] 2025-07-13 03:38:32 Info: conf: Running in live mode, activating unix socket
[1 - Suricata-Main] 2025-07-13 03:38:32 Info: logopenfile: fast output device (regular) initialized: fast.log
[1 - Suricata-Main] 2025-07-13 03:38:32 Info: logopenfile: eve-log output device (regular) initialized: eve.json
[1 - Suricata-Main] 2025-07-13 03:38:32 Info: logopenfile: stats output device (regular) initialized: stats.log
[1 - Suricata-Main] 2025-07-13 03:38:42 Info: detect: 1 rule files processed. 43871 rules successfully loaded, 0 rules failed, 0
[1 - Suricata-Main] 2025-07-13 03:38:42 Info: threshold-config: Threshold config parsed: 0 rule(s) found
[1 - Suricata-Main] 2025-07-13 03:38:42 Info: detect: 43874 signatures processed. 1232 are IP-only rules, 4361 are inspecting packet payload, 38061 inspect application layer, 109 are decoder event only
[1 - Suricata-Main] 2025-07-13 03:38:57 Error: af-packet: enp2s1: failed to find interface type: No such device
[1 - Suricata-Main] 2025-07-13 03:38:57 Warning: af-packet: enp2s1: AF_PACKET tpacket-v3 is recommended for non-inline operation
[1 - Suricata-Main] 2025-07-13 03:38:57 Info: runmodes: Going to use 4 ReceiveAFP receive thread(s)
[1 - Suricata-Main] 2025-07-13 03:38:57 Info: unix-manager: unix socket '/var/run/suricata/suricata-command.socket'
[16 - RX#01] 2025-07-13 03:38:57 Error: af-packet: enp2s1: failed to find interface: No such device
[16 - RX#01] 2025-07-13 03:38:57 Error: af-packet: enp2s1: failed to init socket for interface
[1 - Suricata-Main] 2025-07-13 03:38:57 Error: threads: thread "RX#01" failed to start: flags 0523
[1 - Suricata-Main] 2025-07-13 03:41:59 Notice: suricata: This is Suricata version 7.0.10 RELEASE running in SYSTEM mode
[1 - Suricata-Main] 2025-07-13 03:41:59 Info: cpu: CPUs/cores online: 4
[1 - Suricata-Main] 2025-07-13 03:41:59 Info: suricata: Setting engine mode to IDS mode by default
[1 - Suricata-Main] 2025-07-13 03:41:59 Info: exception-policy: master exception-policy set to: auto
[1 - Suricata-Main] 2025-07-13 03:42:00 Info: conf: Running in live mode, activating unix socket
[1 - Suricata-Main] 2025-07-13 03:42:00 Info: logopenfile: fast output device (regular) initialized: fast.log
[1 - Suricata-Main] 2025-07-13 03:42:00 Info: logopenfile: eve-log output device (regular) initialized: eve.json
[1 - Suricata-Main] 2025-07-13 03:42:00 Info: logopenfile: stats output device (regular) initialized: stats.log
[1 - Suricata-Main] 2025-07-13 03:42:10 Info: detect: 1 rule files processed. 43871 rules successfully loaded, 0 rules failed, 0
[1 - Suricata-Main] 2025-07-13 03:42:10 Info: threshold-config: Threshold config parsed: 0 rule(s) found
[1 - Suricata-Main] 2025-07-13 03:42:10 Info: detect: 43874 signatures processed. 1232 are IP-only rules, 4361 are inspecting packet payload, 38061 inspect application layer, 109 are decoder event only
[1 - Suricata-Main] 2025-07-13 03:42:25 Error: af-packet: ens33: failed to find interface type: No such device
[1 - Suricata-Main] 2025-07-13 03:42:25 Warning: af-packet: ens33: AF_PACKET tpacket-v3 is recommended for non-inline operation
[1 - Suricata-Main] 2025-07-13 03:42:25 Info: runmodes: Going to use 4 ReceiveAFP receive thread(s)
[1 - Suricata-Main] 2025-07-13 03:42:25 Info: unix-manager: unix socket '/var/run/suricata/suricata-command.socket'
[16 - RX#01] 2025-07-13 03:42:25 Error: af-packet: ens33: failed to find interface: No such device
[16 - RX#01] 2025-07-13 03:42:25 Error: af-packet: ens33: failed to init socket for interface
[1 - Suricata-Main] 2025-07-13 03:42:25 Error: threads: thread "RX#01" failed to start: flags 0523
