[1 - Suricata-Main] 2025-07-08 01:45:28 Notice: suricata: This is Suricata version 7.0.10 RELEASE running in SYSTEM mode
[1 - Suricata-Main] 2025-07-08 01:45:28 Info: cpu: CPUs/cores online: 4
[1 - Suricata-Main] 2025-07-08 01:45:28 Info: suricata: Setting engine mode to IDS mode by default
[1 - Suricata-Main] 2025-07-08 01:45:28 Info: exception-policy: master exception-policy set to: auto
[1 - Suricata-Main] 2025-07-08 01:45:28 Info: conf: Running in live mode, activating unix socket
[1 - Suricata-Main] 2025-07-08 01:45:28 Info: logopenfile: fast output device (regular) initialized: fast.log
[1 - Suricata-Main] 2025-07-08 01:45:28 Info: logopenfile: eve-log output device (regular) initialized: eve.json
[1 - Suricata-Main] 2025-07-08 01:45:28 Info: logopenfile: stats output device (regular) initialized: stats.log
[1 - Suricata-Main] 2025-07-08 01:45:40 Info: detect: 1 rule files processed. 43871 rules successfully loaded, 0 rules failed, 0
[1 - Suricata-Main] 2025-07-08 01:45:40 Info: threshold-config: Threshold config parsed: 0 rule(s) found
[1 - Suricata-Main] 2025-07-08 01:45:40 Info: detect: 43874 signatures processed. 1232 are IP-only rules, 4361 are inspecting packet payload, 38061 inspect application layer, 109 are decoder event only
[1 - Suricata-Main] 2025-07-08 01:45:57 Warning: af-packet: eth0: AF_PACKET tpacket-v3 is recommended for non-inline operation
[1 - Suricata-Main] 2025-07-08 01:45:57 Info: runmodes: eth0: creating 4 threads
[1 - Suricata-Main] 2025-07-08 01:45:57 Info: unix-manager: unix socket '/var/run/suricata/suricata-command.socket'
[1 - Suricata-Main] 2025-07-08 01:45:58 Notice: threads: Threads created -> W: 4 FM: 1 FR: 1   Engine started.
[1 - Suricata-Main] 2025-07-08 02:45:04 Notice: suricata: This is Suricata version 7.0.10 RELEASE running in SYSTEM mode
[1 - Suricata-Main] 2025-07-08 02:45:04 Info: cpu: CPUs/cores online: 4
[1 - Suricata-Main] 2025-07-08 02:45:04 Info: suricata: Setting engine mode to IDS mode by default
[1 - Suricata-Main] 2025-07-08 02:45:04 Info: exception-policy: master exception-policy set to: auto
[1 - Suricata-Main] 2025-07-08 02:45:04 Info: conf: Running in live mode, activating unix socket
[1 - Suricata-Main] 2025-07-08 02:45:04 Info: logopenfile: fast output device (regular) initialized: fast.log
[1 - Suricata-Main] 2025-07-08 02:45:04 Info: logopenfile: eve-log output device (regular) initialized: eve.json
[1 - Suricata-Main] 2025-07-08 02:45:04 Info: logopenfile: stats output device (regular) initialized: stats.log
[1 - Suricata-Main] 2025-07-08 02:45:16 Info: detect: 1 rule files processed. 43871 rules successfully loaded, 0 rules failed, 0
[1 - Suricata-Main] 2025-07-08 02:45:17 Info: threshold-config: Threshold config parsed: 0 rule(s) found
[1 - Suricata-Main] 2025-07-08 02:45:17 Info: detect: 43874 signatures processed. 1232 are IP-only rules, 4361 are inspecting packet payload, 38061 inspect application layer, 109 are decoder event only
[1 - Suricata-Main] 2025-07-08 02:45:46 Warning: af-packet: eth0: AF_PACKET tpacket-v3 is recommended for non-inline operation
[1 - Suricata-Main] 2025-07-08 02:45:46 Info: runmodes: eth0: creating 4 threads
[1 - Suricata-Main] 2025-07-08 02:45:46 Info: unix-manager: unix socket '/var/run/suricata/suricata-command.socket'
[1 - Suricata-Main] 2025-07-08 02:45:46 Notice: threads: Threads created -> W: 4 FM: 1 FR: 1   Engine started.
[1 - Suricata-Main] 2025-07-08 02:49:32 Notice: suricata: Signal Received.  Stopping engine.
[1 - Suricata-Main] 2025-07-08 02:49:33 Info: suricata: time elapsed 227.284s
[1 - Suricata-Main] 2025-07-08 02:49:33 Info: counters: Alerts: 0
[1 - Suricata-Main] 2025-07-08 02:49:33 Notice: device: eth0: packets: 0, drops: 0 (0.00%), invalid chksum: 0
[1 - Suricata-Main] 2025-07-08 02:49:44 Notice: suricata: This is Suricata version 7.0.10 RELEASE running in SYSTEM mode
[1 - Suricata-Main] 2025-07-08 02:49:44 Info: cpu: CPUs/cores online: 4
[1 - Suricata-Main] 2025-07-08 02:49:44 Info: suricata: Setting engine mode to IDS mode by default
[1 - Suricata-Main] 2025-07-08 02:49:44 Info: exception-policy: master exception-policy set to: auto
[1 - Suricata-Main] 2025-07-08 02:49:45 Info: conf: Running in live mode, activating unix socket
[1 - Suricata-Main] 2025-07-08 02:49:45 Info: logopenfile: fast output device (regular) initialized: fast.log
[1 - Suricata-Main] 2025-07-08 02:49:45 Info: logopenfile: eve-log output device (regular) initialized: eve.json
[1 - Suricata-Main] 2025-07-08 02:49:45 Info: logopenfile: stats output device (regular) initialized: stats.log
[1 - Suricata-Main] 2025-07-08 02:49:55 Info: detect: 1 rule files processed. 43871 rules successfully loaded, 0 rules failed, 0
[1 - Suricata-Main] 2025-07-08 02:49:55 Info: threshold-config: Threshold config parsed: 0 rule(s) found
[1 - Suricata-Main] 2025-07-08 02:49:55 Info: detect: 43874 signatures processed. 1232 are IP-only rules, 4361 are inspecting packet payload, 38061 inspect application layer, 109 are decoder event only
[1 - Suricata-Main] 2025-07-08 02:50:12 Warning: af-packet: eth0: AF_PACKET tpacket-v3 is recommended for non-inline operation
[1 - Suricata-Main] 2025-07-08 02:50:12 Info: runmodes: eth0: creating 4 threads
[1 - Suricata-Main] 2025-07-08 02:50:12 Info: unix-manager: unix socket '/var/run/suricata/suricata-command.socket'
[1 - Suricata-Main] 2025-07-08 02:50:12 Notice: threads: Threads created -> W: 4 FM: 1 FR: 1   Engine started.
[1 - Suricata-Main] 2025-07-08 02:51:15 Notice: suricata: Signal Received.  Stopping engine.
[1 - Suricata-Main] 2025-07-08 02:51:15 Info: suricata: time elapsed 62.851s
[1 - Suricata-Main] 2025-07-08 02:51:15 Info: counters: Alerts: 0
[1 - Suricata-Main] 2025-07-08 02:51:15 Notice: device: eth0: packets: 0, drops: 0 (0.00%), invalid chksum: 0
[1 - Suricata-Main] 2025-07-08 02:51:30 Notice: suricata: This is Suricata version 7.0.10 RELEASE running in SYSTEM mode
[1 - Suricata-Main] 2025-07-08 02:51:30 Info: cpu: CPUs/cores online: 4
[1 - Suricata-Main] 2025-07-08 02:51:30 Info: suricata: Setting engine mode to IDS mode by default
[1 - Suricata-Main] 2025-07-08 02:51:30 Info: exception-policy: master exception-policy set to: auto
[1 - Suricata-Main] 2025-07-08 02:51:30 Info: conf: Running in live mode, activating unix socket
[1 - Suricata-Main] 2025-07-08 02:51:30 Info: logopenfile: fast output device (regular) initialized: fast.log
[1 - Suricata-Main] 2025-07-08 02:51:30 Info: logopenfile: eve-log output device (regular) initialized: eve.json
[1 - Suricata-Main] 2025-07-08 02:51:30 Info: logopenfile: stats output device (regular) initialized: stats.log
[1 - Suricata-Main] 2025-07-08 02:51:41 Info: detect: 1 rule files processed. 43871 rules successfully loaded, 0 rules failed, 0
[1 - Suricata-Main] 2025-07-08 02:51:41 Info: threshold-config: Threshold config parsed: 0 rule(s) found
[1 - Suricata-Main] 2025-07-08 02:51:41 Info: detect: 43874 signatures processed. 1232 are IP-only rules, 4361 are inspecting packet payload, 38061 inspect application layer, 109 are decoder event only
[1 - Suricata-Main] 2025-07-08 02:51:58 Warning: af-packet: eth0: AF_PACKET tpacket-v3 is recommended for non-inline operation
[1 - Suricata-Main] 2025-07-08 02:51:58 Info: runmodes: eth0: creating 4 threads
[1 - Suricata-Main] 2025-07-08 02:51:58 Info: unix-manager: unix socket '/var/run/suricata/suricata-command.socket'
[1 - Suricata-Main] 2025-07-08 02:51:59 Notice: threads: Threads created -> W: 4 FM: 1 FR: 1   Engine started.
[1 - Suricata-Main] 2025-07-08 03:25:19 Notice: suricata: Signal Received.  Stopping engine.
[1 - Suricata-Main] 2025-07-08 03:25:19 Info: suricata: time elapsed 2000.725s
[1 - Suricata-Main] 2025-07-08 03:25:20 Info: counters: Alerts: 0
[1 - Suricata-Main] 2025-07-08 03:25:20 Notice: device: eth0: packets: 4, drops: 0 (0.00%), invalid chksum: 0
[1 - Suricata-Main] 2025-07-13 00:43:35 Notice: suricata: This is Suricata version 7.0.10 RELEASE running in SYSTEM mode
[1 - Suricata-Main] 2025-07-13 00:43:35 Info: cpu: CPUs/cores online: 4
[1 - Suricata-Main] 2025-07-13 00:43:35 Info: suricata: Setting engine mode to IDS mode by default
[1 - Suricata-Main] 2025-07-13 00:43:35 Info: exception-policy: master exception-policy set to: auto
[1 - Suricata-Main] 2025-07-13 00:43:35 Info: conf: Running in live mode, activating unix socket
[1 - Suricata-Main] 2025-07-13 00:43:35 Info: logopenfile: fast output device (regular) initialized: fast.log
[1 - Suricata-Main] 2025-07-13 00:43:35 Info: logopenfile: eve-log output device (regular) initialized: eve.json
[1 - Suricata-Main] 2025-07-13 00:43:35 Info: logopenfile: stats output device (regular) initialized: stats.log
[1 - Suricata-Main] 2025-07-13 00:43:49 Info: detect: 1 rule files processed. 43871 rules successfully loaded, 0 rules failed, 0
[1 - Suricata-Main] 2025-07-13 00:43:49 Info: threshold-config: Threshold config parsed: 0 rule(s) found
[1 - Suricata-Main] 2025-07-13 00:43:49 Info: detect: 43874 signatures processed. 1232 are IP-only rules, 4361 are inspecting packet payload, 38061 inspect application layer, 109 are decoder event only
[1 - Suricata-Main] 2025-07-13 00:44:08 Warning: af-packet: eth0: AF_PACKET tpacket-v3 is recommended for non-inline operation
[1 - Suricata-Main] 2025-07-13 00:44:08 Info: runmodes: eth0: creating 4 threads
[1 - Suricata-Main] 2025-07-13 00:44:08 Info: unix-manager: unix socket '/var/run/suricata/suricata-command.socket'
[1 - Suricata-Main] 2025-07-13 00:44:08 Notice: threads: Threads created -> W: 4 FM: 1 FR: 1   Engine started.
[1 - Suricata-Main] 2025-07-13 01:32:12 Notice: suricata: Signal Received.  Stopping engine.
[1 - Suricata-Main] 2025-07-13 01:32:13 Info: suricata: time elapsed 2885.251s
[1 - Suricata-Main] 2025-07-13 01:32:14 Info: counters: Alerts: 0
[1 - Suricata-Main] 2025-07-13 01:32:15 Notice: device: eth0: packets: 1, drops: 0 (0.00%), invalid chksum: 0
[1 - Suricata-Main] 2025-07-13 01:32:15 Notice: suricata: This is Suricata version 7.0.10 RELEASE running in SYSTEM mode
[1 - Suricata-Main] 2025-07-13 01:32:15 Info: cpu: CPUs/cores online: 4
[1 - Suricata-Main] 2025-07-13 01:32:15 Info: suricata: Setting engine mode to IDS mode by default
[1 - Suricata-Main] 2025-07-13 01:32:15 Info: exception-policy: master exception-policy set to: auto
[1 - Suricata-Main] 2025-07-13 01:32:16 Info: conf: Running in live mode, activating unix socket
[1 - Suricata-Main] 2025-07-13 01:32:16 Info: logopenfile: fast output device (regular) initialized: fast.log
[1 - Suricata-Main] 2025-07-13 01:32:16 Info: logopenfile: eve-log output device (regular) initialized: eve.json
[1 - Suricata-Main] 2025-07-13 01:32:16 Info: logopenfile: stats output device (regular) initialized: stats.log
[1 - Suricata-Main] 2025-07-13 01:32:27 Info: detect: 1 rule files processed. 43871 rules successfully loaded, 0 rules failed, 0
[1 - Suricata-Main] 2025-07-13 01:32:27 Info: threshold-config: Threshold config parsed: 0 rule(s) found
[1 - Suricata-Main] 2025-07-13 01:32:27 Info: detect: 43874 signatures processed. 1232 are IP-only rules, 4361 are inspecting packet payload, 38061 inspect application layer, 109 are decoder event only
[1 - Suricata-Main] 2025-07-13 01:32:44 Warning: af-packet: eth0: AF_PACKET tpacket-v3 is recommended for non-inline operation
[1 - Suricata-Main] 2025-07-13 01:32:44 Info: runmodes: eth0: creating 4 threads
[1 - Suricata-Main] 2025-07-13 01:32:44 Info: unix-manager: unix socket '/var/run/suricata/suricata-command.socket'
[1 - Suricata-Main] 2025-07-13 01:32:44 Notice: threads: Threads created -> W: 4 FM: 1 FR: 1   Engine started.
[1 - Suricata-Main] 2025-07-13 01:38:02 Notice: suricata: Signal Received.  Stopping engine.
[1 - Suricata-Main] 2025-07-13 01:38:03 Info: suricata: time elapsed 318.954s
[1 - Suricata-Main] 2025-07-13 01:38:03 Info: counters: Alerts: 0
[1 - Suricata-Main] 2025-07-13 01:38:04 Notice: device: eth0: packets: 0, drops: 0 (0.00%), invalid chksum: 0
[1 - Suricata-Main] 2025-07-13 01:38:04 Notice: suricata: This is Suricata version 7.0.10 RELEASE running in SYSTEM mode
[1 - Suricata-Main] 2025-07-13 01:38:04 Info: cpu: CPUs/cores online: 4
[1 - Suricata-Main] 2025-07-13 01:38:04 Info: suricata: Setting engine mode to IDS mode by default
[1 - Suricata-Main] 2025-07-13 01:38:04 Info: exception-policy: master exception-policy set to: auto
[1 - Suricata-Main] 2025-07-13 01:38:04 Info: conf: Running in live mode, activating unix socket
[1 - Suricata-Main] 2025-07-13 01:38:04 Info: logopenfile: fast output device (regular) initialized: fast.log
[1 - Suricata-Main] 2025-07-13 01:38:04 Info: logopenfile: eve-log output device (regular) initialized: eve.json
[1 - Suricata-Main] 2025-07-13 01:38:04 Info: logopenfile: stats output device (regular) initialized: stats.log
[1 - Suricata-Main] 2025-07-13 01:38:15 Info: detect: 1 rule files processed. 43871 rules successfully loaded, 0 rules failed, 0
[1 - Suricata-Main] 2025-07-13 01:38:15 Info: threshold-config: Threshold config parsed: 0 rule(s) found
[1 - Suricata-Main] 2025-07-13 01:38:15 Info: detect: 43874 signatures processed. 1232 are IP-only rules, 4361 are inspecting packet payload, 38061 inspect application layer, 109 are decoder event only
[1 - Suricata-Main] 2025-07-13 01:38:31 Warning: af-packet: eth0: AF_PACKET tpacket-v3 is recommended for non-inline operation
[1 - Suricata-Main] 2025-07-13 01:38:31 Info: runmodes: eth0: creating 4 threads
[1 - Suricata-Main] 2025-07-13 01:38:31 Info: unix-manager: unix socket '/var/run/suricata/suricata-command.socket'
[1 - Suricata-Main] 2025-07-13 01:38:31 Notice: threads: Threads created -> W: 4 FM: 1 FR: 1   Engine started.
[1 - Suricata-Main] 2025-07-13 01:47:11 Notice: suricata: Signal Received.  Stopping engine.
[1 - Suricata-Main] 2025-07-13 01:47:11 Info: suricata: time elapsed 520.184s
[1 - Suricata-Main] 2025-07-13 01:47:12 Info: counters: Alerts: 0
[1 - Suricata-Main] 2025-07-13 01:47:12 Notice: device: eth0: packets: 0, drops: 0 (0.00%), invalid chksum: 0
[1 - Suricata-Main] 2025-07-13 01:52:27 Notice: suricata: This is Suricata version 7.0.10 RELEASE running in SYSTEM mode
[1 - Suricata-Main] 2025-07-13 01:52:27 Info: cpu: CPUs/cores online: 4
[1 - Suricata-Main] 2025-07-13 01:52:27 Info: suricata: Setting engine mode to IDS mode by default
[1 - Suricata-Main] 2025-07-13 01:52:27 Info: exception-policy: master exception-policy set to: auto
[1 - Suricata-Main] 2025-07-13 01:52:28 Info: conf: Running in live mode, activating unix socket
[1 - Suricata-Main] 2025-07-13 01:52:28 Info: logopenfile: fast output device (regular) initialized: fast.log
[1 - Suricata-Main] 2025-07-13 01:52:28 Info: logopenfile: eve-log output device (regular) initialized: eve.json
[1 - Suricata-Main] 2025-07-13 01:52:28 Info: logopenfile: stats output device (regular) initialized: stats.log
[1 - Suricata-Main] 2025-07-13 01:52:38 Info: detect: 1 rule files processed. 43871 rules successfully loaded, 0 rules failed, 0
[1 - Suricata-Main] 2025-07-13 01:52:39 Info: threshold-config: Threshold config parsed: 0 rule(s) found
[1 - Suricata-Main] 2025-07-13 01:52:39 Info: detect: 43874 signatures processed. 1232 are IP-only rules, 4361 are inspecting packet payload, 38061 inspect application layer, 109 are decoder event only
[1 - Suricata-Main] 2025-07-13 01:52:56 Warning: af-packet: eth0: AF_PACKET tpacket-v3 is recommended for non-inline operation
[1 - Suricata-Main] 2025-07-13 01:52:56 Info: runmodes: eth0: creating 4 threads
[1 - Suricata-Main] 2025-07-13 01:52:56 Info: unix-manager: unix socket '/var/run/suricata/suricata-command.socket'
[1 - Suricata-Main] 2025-07-13 01:52:56 Notice: threads: Threads created -> W: 4 FM: 1 FR: 1   Engine started.
[1 - Suricata-Main] 2025-07-13 01:59:47 Notice: suricata: Signal Received.  Stopping engine.
[1 - Suricata-Main] 2025-07-13 01:59:48 Info: suricata: time elapsed 411.632s
[1 - Suricata-Main] 2025-07-13 01:59:49 Info: counters: Alerts: 0
[1 - Suricata-Main] 2025-07-13 01:59:49 Notice: device: eth0: packets: 3, drops: 0 (0.00%), invalid chksum: 0
[1 - Suricata-Main] 2025-07-13 01:59:49 Notice: suricata: This is Suricata version 7.0.10 RELEASE running in SYSTEM mode
[1 - Suricata-Main] 2025-07-13 01:59:49 Info: cpu: CPUs/cores online: 4
[1 - Suricata-Main] 2025-07-13 01:59:49 Info: suricata: Setting engine mode to IDS mode by default
[1 - Suricata-Main] 2025-07-13 01:59:49 Info: exception-policy: master exception-policy set to: auto
[1 - Suricata-Main] 2025-07-13 01:59:49 Info: conf: Running in live mode, activating unix socket
[1 - Suricata-Main] 2025-07-13 01:59:49 Info: logopenfile: fast output device (regular) initialized: fast.log
[1 - Suricata-Main] 2025-07-13 01:59:49 Info: logopenfile: eve-log output device (regular) initialized: eve.json
[1 - Suricata-Main] 2025-07-13 01:59:49 Info: logopenfile: stats output device (regular) initialized: stats.log
[1 - Suricata-Main] 2025-07-13 02:00:01 Info: detect: 1 rule files processed. 43871 rules successfully loaded, 0 rules failed, 0
[1 - Suricata-Main] 2025-07-13 02:00:01 Info: threshold-config: Threshold config parsed: 0 rule(s) found
[1 - Suricata-Main] 2025-07-13 02:00:01 Info: detect: 43874 signatures processed. 1232 are IP-only rules, 4361 are inspecting packet payload, 38061 inspect application layer, 109 are decoder event only
[1 - Suricata-Main] 2025-07-13 02:00:20 Warning: af-packet: eth0: AF_PACKET tpacket-v3 is recommended for non-inline operation
[1 - Suricata-Main] 2025-07-13 02:00:20 Info: runmodes: eth0: creating 4 threads
[1 - Suricata-Main] 2025-07-13 02:00:20 Info: unix-manager: unix socket '/var/run/suricata/suricata-command.socket'
[1 - Suricata-Main] 2025-07-13 02:00:20 Notice: threads: Threads created -> W: 4 FM: 1 FR: 1   Engine started.
[1 - Suricata-Main] 2025-07-13 02:02:57 Notice: suricata: Signal Received.  Stopping engine.
[1 - Suricata-Main] 2025-07-13 02:02:57 Info: suricata: time elapsed 156.503s
[1 - Suricata-Main] 2025-07-13 02:02:57 Info: counters: Alerts: 0
[1 - Suricata-Main] 2025-07-13 02:02:58 Notice: device: eth0: packets: 0, drops: 0 (0.00%), invalid chksum: 0
[1 - Suricata-Main] 2025-07-13 02:02:58 Notice: suricata: This is Suricata version 7.0.10 RELEASE running in SYSTEM mode
[1 - Suricata-Main] 2025-07-13 02:02:58 Info: cpu: CPUs/cores online: 4
[1 - Suricata-Main] 2025-07-13 02:02:58 Info: suricata: Setting engine mode to IDS mode by default
[1 - Suricata-Main] 2025-07-13 02:02:58 Info: exception-policy: master exception-policy set to: auto
[1 - Suricata-Main] 2025-07-13 02:02:58 Info: conf: Running in live mode, activating unix socket
[1 - Suricata-Main] 2025-07-13 02:02:58 Info: logopenfile: fast output device (regular) initialized: fast.log
[1 - Suricata-Main] 2025-07-13 02:02:58 Info: logopenfile: eve-log output device (regular) initialized: eve.json
[1 - Suricata-Main] 2025-07-13 02:02:58 Info: logopenfile: stats output device (regular) initialized: stats.log
[1 - Suricata-Main] 2025-07-13 02:03:09 Info: detect: 1 rule files processed. 43871 rules successfully loaded, 0 rules failed, 0
[1 - Suricata-Main] 2025-07-13 02:03:09 Info: threshold-config: Threshold config parsed: 0 rule(s) found
[1 - Suricata-Main] 2025-07-13 02:03:09 Info: detect: 43874 signatures processed. 1232 are IP-only rules, 4361 are inspecting packet payload, 38061 inspect application layer, 109 are decoder event only
[1 - Suricata-Main] 2025-07-13 02:03:26 Warning: af-packet: eth0: AF_PACKET tpacket-v3 is recommended for non-inline operation
[1 - Suricata-Main] 2025-07-13 02:03:26 Info: runmodes: eth0: creating 4 threads
[1 - Suricata-Main] 2025-07-13 02:03:26 Info: unix-manager: unix socket '/var/run/suricata/suricata-command.socket'
[1 - Suricata-Main] 2025-07-13 02:03:27 Notice: threads: Threads created -> W: 4 FM: 1 FR: 1   Engine started.
[1 - Suricata-Main] 2025-07-13 02:06:59 Notice: suricata: Signal Received.  Stopping engine.
[1 - Suricata-Main] 2025-07-13 02:07:00 Info: suricata: time elapsed 213.273s
[1 - Suricata-Main] 2025-07-13 02:07:00 Info: counters: Alerts: 0
[1 - Suricata-Main] 2025-07-13 02:07:00 Notice: device: eth0: packets: 0, drops: 0 (0.00%), invalid chksum: 0
[1 - Suricata-Main] 2025-07-13 02:07:00 Notice: suricata: This is Suricata version 7.0.10 RELEASE running in SYSTEM mode
[1 - Suricata-Main] 2025-07-13 02:07:00 Info: cpu: CPUs/cores online: 4
[1 - Suricata-Main] 2025-07-13 02:07:00 Info: suricata: Setting engine mode to IDS mode by default
[1 - Suricata-Main] 2025-07-13 02:07:00 Info: exception-policy: master exception-policy set to: auto
[1 - Suricata-Main] 2025-07-13 02:07:00 Info: conf: Running in live mode, activating unix socket
[1 - Suricata-Main] 2025-07-13 02:07:00 Info: logopenfile: fast output device (regular) initialized: fast.log
[1 - Suricata-Main] 2025-07-13 02:07:00 Info: logopenfile: eve-log output device (regular) initialized: eve.json
[1 - Suricata-Main] 2025-07-13 02:07:00 Info: logopenfile: stats output device (regular) initialized: stats.log
[1 - Suricata-Main] 2025-07-13 02:07:12 Info: detect: 1 rule files processed. 43871 rules successfully loaded, 0 rules failed, 0
[1 - Suricata-Main] 2025-07-13 02:07:12 Info: threshold-config: Threshold config parsed: 0 rule(s) found
[1 - Suricata-Main] 2025-07-13 02:07:12 Info: detect: 43874 signatures processed. 1232 are IP-only rules, 4361 are inspecting packet payload, 38061 inspect application layer, 109 are decoder event only
[1 - Suricata-Main] 2025-07-13 02:07:31 Warning: af-packet: eth0: AF_PACKET tpacket-v3 is recommended for non-inline operation
[1 - Suricata-Main] 2025-07-13 02:07:31 Info: runmodes: eth0: creating 4 threads
[1 - Suricata-Main] 2025-07-13 02:07:31 Info: unix-manager: unix socket '/var/run/suricata/suricata-command.socket'
[1 - Suricata-Main] 2025-07-13 02:07:31 Notice: threads: Threads created -> W: 4 FM: 1 FR: 1   Engine started.
[1 - Suricata-Main] 2025-07-13 02:33:34 Notice: suricata: This is Suricata version 7.0.10 RELEASE running in SYSTEM mode
[1 - Suricata-Main] 2025-07-13 02:33:34 Info: cpu: CPUs/cores online: 4
[1 - Suricata-Main] 2025-07-13 02:33:34 Info: suricata: Setting engine mode to IDS mode by default
[1 - Suricata-Main] 2025-07-13 02:33:34 Info: exception-policy: master exception-policy set to: auto
[1 - Suricata-Main] 2025-07-13 02:33:34 Info: conf: Running in live mode, activating unix socket
[1 - Suricata-Main] 2025-07-13 02:33:34 Info: logopenfile: fast output device (regular) initialized: fast.log
[1 - Suricata-Main] 2025-07-13 02:33:34 Info: logopenfile: eve-log output device (regular) initialized: eve.json
[1 - Suricata-Main] 2025-07-13 02:33:34 Info: logopenfile: stats output device (regular) initialized: stats.log
[1 - Suricata-Main] 2025-07-13 02:33:44 Info: detect: 1 rule files processed. 43871 rules successfully loaded, 0 rules failed, 0
[1 - Suricata-Main] 2025-07-13 02:33:44 Info: threshold-config: Threshold config parsed: 0 rule(s) found
[1 - Suricata-Main] 2025-07-13 02:33:45 Info: detect: 43874 signatures processed. 1232 are IP-only rules, 4361 are inspecting packet payload, 38061 inspect application layer, 109 are decoder event only
[1 - Suricata-Main] 2025-07-13 02:34:00 Warning: af-packet: eth0: AF_PACKET tpacket-v3 is recommended for non-inline operation
[1 - Suricata-Main] 2025-07-13 02:34:00 Info: runmodes: eth0: creating 4 threads
[1 - Suricata-Main] 2025-07-13 02:34:00 Info: unix-manager: unix socket '/var/run/suricata/suricata-command.socket'
[1 - Suricata-Main] 2025-07-13 02:34:00 Notice: threads: Threads created -> W: 4 FM: 1 FR: 1   Engine started.
[1 - Suricata-Main] 2025-07-13 02:34:08 Notice: suricata: Signal Received.  Stopping engine.
[1 - Suricata-Main] 2025-07-13 02:34:09 Info: suricata: time elapsed 9.037s
[1 - Suricata-Main] 2025-07-13 02:34:09 Info: counters: Alerts: 0
[1 - Suricata-Main] 2025-07-13 02:34:09 Notice: device: eth0: packets: 0, drops: 0 (0.00%), invalid chksum: 0
[1 - Suricata-Main] 2025-07-13 02:34:27 Notice: suricata: This is Suricata version 7.0.10 RELEASE running in SYSTEM mode
[1 - Suricata-Main] 2025-07-13 02:34:27 Info: cpu: CPUs/cores online: 4
[1 - Suricata-Main] 2025-07-13 02:34:27 Info: suricata: Setting engine mode to IDS mode by default
[1 - Suricata-Main] 2025-07-13 02:34:27 Info: exception-policy: master exception-policy set to: auto
[1 - Suricata-Main] 2025-07-13 02:34:28 Info: conf: Running in live mode, activating unix socket
[1 - Suricata-Main] 2025-07-13 02:34:28 Info: logopenfile: fast output device (regular) initialized: fast.log
[1 - Suricata-Main] 2025-07-13 02:34:28 Info: logopenfile: eve-log output device (regular) initialized: eve.json
[1 - Suricata-Main] 2025-07-13 02:34:28 Info: logopenfile: stats output device (regular) initialized: stats.log
[1 - Suricata-Main] 2025-07-13 02:34:38 Info: detect: 1 rule files processed. 43871 rules successfully loaded, 0 rules failed, 0
[1 - Suricata-Main] 2025-07-13 02:34:38 Info: threshold-config: Threshold config parsed: 0 rule(s) found
[1 - Suricata-Main] 2025-07-13 02:34:38 Info: detect: 43874 signatures processed. 1232 are IP-only rules, 4361 are inspecting packet payload, 38061 inspect application layer, 109 are decoder event only
[1 - Suricata-Main] 2025-07-13 02:34:54 Warning: af-packet: eth0: AF_PACKET tpacket-v3 is recommended for non-inline operation
[1 - Suricata-Main] 2025-07-13 02:34:54 Info: runmodes: eth0: creating 4 threads
[1 - Suricata-Main] 2025-07-13 02:34:54 Info: unix-manager: unix socket '/var/run/suricata/suricata-command.socket'
[1 - Suricata-Main] 2025-07-13 02:34:54 Notice: threads: Threads created -> W: 4 FM: 1 FR: 1   Engine started.
[1 - Suricata-Main] 2025-07-13 02:37:15 Notice: suricata: Signal Received.  Stopping engine.
[1 - Suricata-Main] 2025-07-13 02:37:15 Info: suricata: time elapsed 141.531s
[1 - Suricata-Main] 2025-07-13 02:37:16 Info: counters: Alerts: 0
[1 - Suricata-Main] 2025-07-13 02:37:16 Notice: device: eth0: packets: 0, drops: 0 (0.00%), invalid chksum: 0
[1 - Suricata-Main] 2025-07-13 02:37:29 Notice: suricata: This is Suricata version 7.0.10 RELEASE running in SYSTEM mode
[1 - Suricata-Main] 2025-07-13 02:37:29 Info: cpu: CPUs/cores online: 4
[1 - Suricata-Main] 2025-07-13 02:37:29 Info: suricata: Setting engine mode to IDS mode by default
[1 - Suricata-Main] 2025-07-13 02:37:29 Info: exception-policy: master exception-policy set to: auto
[1 - Suricata-Main] 2025-07-13 02:37:29 Info: conf: Running in live mode, activating unix socket
[1 - Suricata-Main] 2025-07-13 02:37:29 Info: logopenfile: fast output device (regular) initialized: fast.log
[1 - Suricata-Main] 2025-07-13 02:37:29 Info: logopenfile: eve-log output device (regular) initialized: eve.json
[1 - Suricata-Main] 2025-07-13 02:37:29 Info: logopenfile: stats output device (regular) initialized: stats.log
[1 - Suricata-Main] 2025-07-13 02:37:39 Info: detect: 1 rule files processed. 43871 rules successfully loaded, 0 rules failed, 0
[1 - Suricata-Main] 2025-07-13 02:37:39 Info: threshold-config: Threshold config parsed: 0 rule(s) found
[1 - Suricata-Main] 2025-07-13 02:37:39 Info: detect: 43874 signatures processed. 1232 are IP-only rules, 4361 are inspecting packet payload, 38061 inspect application layer, 109 are decoder event only
[1 - Suricata-Main] 2025-07-13 02:37:55 Warning: af-packet: eth0: AF_PACKET tpacket-v3 is recommended for non-inline operation
[1 - Suricata-Main] 2025-07-13 02:37:55 Info: runmodes: eth0: creating 4 threads
[1 - Suricata-Main] 2025-07-13 02:37:55 Info: unix-manager: unix socket '/var/run/suricata/suricata-command.socket'
[1 - Suricata-Main] 2025-07-13 02:37:55 Notice: threads: Threads created -> W: 4 FM: 1 FR: 1   Engine started.
[1 - Suricata-Main] 2025-07-13 02:39:48 Notice: suricata: Signal Received.  Stopping engine.
[1 - Suricata-Main] 2025-07-13 02:39:48 Info: suricata: time elapsed 113.688s
[1 - Suricata-Main] 2025-07-13 02:39:49 Info: counters: Alerts: 0
[1 - Suricata-Main] 2025-07-13 02:39:49 Notice: device: eth0: packets: 0, drops: 0 (0.00%), invalid chksum: 0
[1 - Suricata-Main] 2025-07-13 03:56:16 Notice: suricata: This is Suricata version 7.0.10 RELEASE running in SYSTEM mode
[1 - Suricata-Main] 2025-07-13 03:56:16 Info: cpu: CPUs/cores online: 4
[1 - Suricata-Main] 2025-07-13 03:56:16 Info: suricata: Setting engine mode to IDS mode by default
[1 - Suricata-Main] 2025-07-13 03:56:16 Info: exception-policy: master exception-policy set to: auto
[1 - Suricata-Main] 2025-07-13 03:56:16 Info: conf: Running in live mode, activating unix socket
[1 - Suricata-Main] 2025-07-13 03:56:16 Info: logopenfile: fast output device (regular) initialized: fast.log
[1 - Suricata-Main] 2025-07-13 03:56:16 Info: logopenfile: eve-log output device (regular) initialized: eve.json
[1 - Suricata-Main] 2025-07-13 03:56:16 Info: logopenfile: stats output device (regular) initialized: stats.log
[1 - Suricata-Main] 2025-07-13 03:56:27 Info: detect: 1 rule files processed. 43871 rules successfully loaded, 0 rules failed, 0
[1 - Suricata-Main] 2025-07-13 03:56:27 Info: threshold-config: Threshold config parsed: 0 rule(s) found
[1 - Suricata-Main] 2025-07-13 03:56:27 Info: detect: 43874 signatures processed. 1232 are IP-only rules, 4361 are inspecting packet payload, 38061 inspect application layer, 109 are decoder event only
[1 - Suricata-Main] 2025-07-13 03:56:42 Warning: af-packet: eth0: AF_PACKET tpacket-v3 is recommended for non-inline operation
[1 - Suricata-Main] 2025-07-13 03:56:42 Info: runmodes: eth0: creating 4 threads
[1 - Suricata-Main] 2025-07-13 03:56:42 Info: unix-manager: unix socket '/var/run/suricata/suricata-command.socket'
[1 - Suricata-Main] 2025-07-13 03:56:43 Notice: threads: Threads created -> W: 4 FM: 1 FR: 1   Engine started.
