1752375367: mosquitto version 2.0.21 starting
1752375367: Config loaded from /mosquitto/config/mosquitto.conf.
1752375367: Opening ipv4 listen socket on port 1883.
1752375367: Opening ipv6 listen socket on port 1883.
1752375367: mosquitto version 2.0.21 running
1752375449: mosquitto version 2.0.21 terminating
1752375449: Saving in-memory database to /mosquitto/data//mosquitto.db.
1752375452: mosquitto version 2.0.21 starting
1752375452: Config loaded from /mosquitto/config/mosquitto.conf.
1752375452: Opening ipv4 listen socket on port 1883.
1752375452: Opening ipv6 listen socket on port 1883.
1752375452: mosquitto version 2.0.21 running
1752375492: New connection from 192.168.65.1:23125 on port 1883.
1752375492: New client connected from 192.168.65.1:23125 as auto-F610834C-91D4-EA20-F7F9-CB962E33F205 (p2, c1, k60).
1752375492: Client auto-F610834C-91D4-EA20-F7F9-CB962E33F205 disconnected.
1752375940: mosquitto version 2.0.21 terminating
1752375940: Saving in-memory database to /mosquitto/data//mosquitto.db.
1752375958: mosquitto version 2.0.21 starting
1752375958: Config loaded from /mosquitto/config/mosquitto.conf.
1752375958: Opening ipv4 listen socket on port 1883.
1752375958: Opening ipv6 listen socket on port 1883.
1752375958: mosquitto version 2.0.21 running
1752375977: New connection from 192.168.65.1:26302 on port 1883.
1752375977: New client connected from 192.168.65.1:26302 as auto-74D22B12-F69E-3B17-0DE2-2C3070567822 (p2, c1, k60).
1752375985: Client auto-74D22B12-F69E-3B17-0DE2-2C3070567822 closed its connection.
1752375992: New connection from 192.168.65.1:57574 on port 1883.
1752375992: New client connected from 192.168.65.1:57574 as auto-0855A1AB-C3E7-2FDD-09F8-B19F39B0D655 (p2, c1, k60).
1752375992: Client auto-0855A1AB-C3E7-2FDD-09F8-B19F39B0D655 disconnected.
1752376618: mosquitto version 2.0.21 terminating
1752376618: Saving in-memory database to /mosquitto/data//mosquitto.db.
1752376621: mosquitto version 2.0.21 starting
1752376621: Config loaded from /mosquitto/config/mosquitto.conf.
1752376621: Opening ipv4 listen socket on port 1883.
1752376621: Opening ipv6 listen socket on port 1883.
1752376621: mosquitto version 2.0.21 running
1752376647: New connection from 192.168.65.1:64785 on port 1883.
1752376647: New client connected from 192.168.65.1:64785 as auto-F2528EDD-7E56-5E00-1FB1-F87CD60152E1 (p2, c1, k60).
1752376667: Client auto-F2528EDD-7E56-5E00-1FB1-F87CD60152E1 closed its connection.
1752376972: mosquitto version 2.0.21 terminating
1752376972: Saving in-memory database to /mosquitto/data//mosquitto.db.
1752376985: mosquitto version 2.0.21 starting
1752376985: Config loaded from /mosquitto/config/mosquitto.conf.
1752376985: Opening ipv4 listen socket on port 1883.
1752376985: Opening ipv6 listen socket on port 1883.
1752376985: mosquitto version 2.0.21 running
1752377274: mosquitto version 2.0.21 terminating
1752377274: Saving in-memory database to /mosquitto/data//mosquitto.db.
1752377277: mosquitto version 2.0.21 starting
1752377277: Config loaded from /mosquitto/config/mosquitto.conf.
1752377277: Opening ipv4 listen socket on port 1883.
1752377277: Opening ipv6 listen socket on port 1883.
1752377277: mosquitto version 2.0.21 running
1752377394: mosquitto version 2.0.21 terminating
1752377394: Saving in-memory database to /mosquitto/data//mosquitto.db.
1752377397: mosquitto version 2.0.21 starting
1752377397: Config loaded from /mosquitto/config/mosquitto.conf.
1752377397: Opening ipv4 listen socket on port 1883.
1752377397: Opening ipv6 listen socket on port 1883.
1752377397: mosquitto version 2.0.21 running
1752377782: mosquitto version 2.0.21 terminating
1752377782: Saving in-memory database to /mosquitto/data//mosquitto.db.
1752377785: mosquitto version 2.0.21 starting
1752377785: Config loaded from /mosquitto/config/mosquitto.conf.
1752377785: Opening ipv4 listen socket on port 1883.
1752377785: Opening ipv6 listen socket on port 1883.
1752377785: mosquitto version 2.0.21 running
1752377906: mosquitto version 2.0.21 terminating
1752377906: Saving in-memory database to /mosquitto/data//mosquitto.db.
1752377912: mosquitto version 2.0.21 starting
1752377912: Config loaded from /mosquitto/config/mosquitto.conf.
1752377912: Opening ipv4 listen socket on port 1883.
1752377912: Opening ipv6 listen socket on port 1883.
1752377912: mosquitto version 2.0.21 running
1752378110: mosquitto version 2.0.21 terminating
1752378110: Saving in-memory database to /mosquitto/data//mosquitto.db.
1752378120: mosquitto version 2.0.21 starting
1752378120: Config loaded from /mosquitto/config/mosquitto.conf.
1752378120: Opening ipv4 listen socket on port 1883.
1752378120: Opening ipv6 listen socket on port 1883.
1752378120: mosquitto version 2.0.21 running
1752378901: mosquitto version 2.0.21 terminating
1752378901: Saving in-memory database to /mosquitto/data//mosquitto.db.
